<html>
<body>
<pre>
<h1>Vision Build Log</h1>
<h2>Project:</h2>
F:\百度云盘备份的资料\STC15W最小系统资料包V2.0\5.例程\本店最小系统已测试例程\02.串口1收发\main.uvproj
Project File Date:  09/06/2016

<h2>Output:</h2>
Build target 'Target 1'
compiling main.c...
compiling delay.c...
compiling uart.c...
linking...
Program Size: data=9.0 xdata=0 code=86
creating hex file from ".\list\IO-LED"...
".\list\IO-LED" - 0 Error(s), 0 Warning(s).
Build target 'Target 1'
compiling main.c...
compiling delay.c...
compiling uart.c...
linking...
Program Size: data=9.0 xdata=0 code=86
creating hex file from ".\list\IO-LED"...
".\list\IO-LED" - 0 Error(s), 0 Warning(s).
Build target 'Target 1'
compiling main.c...
compiling delay.c...
compiling uart.c...
UART.C(5): error C202: 'B_TX1_Busy': undefined identifier
UART.C(6): error C202: 'RX1_Cnt': undefined identifier
UART.C(7): error C202: 'TX1_Cnt': undefined identifier
Target not created
Build target 'Target 1'
compiling main.c...
compiling delay.c...
compiling uart.c...
UART.C(5): error C202: 'B_TX1_Busy': undefined identifier
UART.C(6): error C202: 'RX1_Cnt': undefined identifier
UART.C(7): error C202: 'TX1_Cnt': undefined identifier
Target not created
Build target 'Target 1'
compiling main.c...
compiling delay.c...
compiling uart.c...
UART.C(4): error C129: missing ';' before 'idata'
Target not created
Build target 'Target 1'
compiling main.c...
compiling delay.c...
compiling uart.c...
UART.C(4): error C129: missing ';' before 'idata'
Target not created
Build target 'Target 1'
compiling main.c...
compiling delay.c...
compiling uart.c...
UART.C(4): error C129: missing ';' before 'idata'
Target not created
Build target 'Target 1'
compiling main.c...
compiling delay.c...
compiling uart.c...
UART.C(4): error C129: missing ';' before 'idata'
Target not created
Build target 'Target 1'
compiling main.c...
compiling delay.c...
compiling uart.c...
UART.C(4): error C129: missing ';' before 'RX1_Buffer'
Target not created
Build target 'Target 1'
compiling main.c...
compiling delay.c...
compiling uart.c...
UART.C(4): error C129: missing ';' before 'idata'
Target not created
Build target 'Target 1'
compiling main.c...
compiling delay.c...
compiling uart.c...
UART.C(4): error C129: missing ';' before 'idata'
Target not created
Build target 'Target 1'
compiling main.c...
compiling delay.c...
compiling uart.c...
UART.C(4): error C129: missing ';' before 'idata'
Target not created
Build target 'Target 1'
compiling main.c...
compiling delay.c...
compiling uart.c...
UART.C(5): error C129: missing ';' before 'TX1_Cnt'
Target not created
Build target 'Target 1'
compiling main.c...
compiling delay.c...
compiling uart.c...
UART.C(4): error C129: missing ';' before 'idata'
Target not created
Build target 'Target 1'
compiling main.c...
compiling delay.c...
compiling uart.c...
UART.C(4): error C129: missing ';' before 'idata'
Target not created
Build target 'Target 1'
compiling main.c...
compiling delay.c...
compiling uart.c...
UART.C(4): error C202: 'RX1_Lenth': undefined identifier
UART.C(4): error C136: invalid dimension size: [0]
Target not created
Build target 'Target 1'
compiling main.c...
compiling delay.c...
compiling uart.c...
UART.C(15): warning C206: 'S1_8bit': missing function-prototype
UART.C(16): warning C206: 'S1_USE_P30P31': missing function-prototype
UART.C(32): error C202: 'TH2': undefined identifier
UART.C(33): error C202: 'TL2': undefined identifier
Target not created
Build target 'Target 1'
compiling main.c...
compiling delay.c...
compiling uart.c...
UART.C(32): error C202: 'TH2': undefined identifier
UART.C(33): error C202: 'TL2': undefined identifier
Target not created
Build target 'Target 1'
compiling main.c...
compiling delay.c...
compiling uart.c...
linking...
*** ERROR L104: MULTIPLE PUBLIC DEFINITIONS
    SYMBOL:  TX1_CNT
    MODULE:  .\list\uart.obj (UART)
*** ERROR L104: MULTIPLE PUBLIC DEFINITIONS
    SYMBOL:  RX1_CNT
    MODULE:  .\list\uart.obj (UART)
*** ERROR L104: MULTIPLE PUBLIC DEFINITIONS
    SYMBOL:  RX1_BUFFER
    MODULE:  .\list\uart.obj (UART)
*** ERROR L104: MULTIPLE PUBLIC DEFINITIONS
    SYMBOL:  B_TX1_BUSY
    MODULE:  .\list\uart.obj (UART)
*** WARNING L16: UNCALLED SEGMENT, IGNORED FOR OVERLAY PROCESS
    SEGMENT: ?PR?UARTINIT?UART
Program Size: data=77.2 xdata=0 code=115
Target not created
Build target 'Target 1'
compiling main.c...
compiling delay.c...
compiling uart.c...
linking...
*** WARNING L16: UNCALLED SEGMENT, IGNORED FOR OVERLAY PROCESS
    SEGMENT: ?PR?UARTINIT?UART
Program Size: data=43.1 xdata=0 code=115
creating hex file from ".\list\IO-LED"...
".\list\IO-LED" - 0 Error(s), 1 Warning(s).
Build target 'Target 1'
compiling main.c...
compiling delay.c...
compiling uart.c...
UART.C(24): error C141: syntax error near 'UART1_VECTOR', expected 'const'
UART.C(25): error C132: 'UART1_VECTOR': not in formal parameter list
UART.C(25): error C141: syntax error near '{'
UART.C(27): error C132: 'RI': not in formal parameter list
UART.C(27): error C141: syntax error near '{'
UART.C(28): error C244: 'RI': can't initialize, bad type or class
UART.C(28): error C132: 'RI': not in formal parameter list
UART.C(29): error C221: non-constant case/dim expression
UART.C(29): error C244: 'RX1_Buffer': can't initialize, bad type or class
UART.C(29): error C132: 'RX1_Buffer': not in formal parameter list
UART.C(30): error C141: syntax error near 'if'
UART.C(30): error C141: syntax error near '++'
UART.C(30): error C129: missing ';' before '>='
Target not created
Build target 'Target 1'
compiling main.c...
compiling delay.c...
compiling uart.c...
UART.C(4): error C202: 'RX1_Lenth': undefined identifier
UART.C(4): error C136: invalid dimension size: [0]
Target not created
Build target 'Target 1'
compiling main.c...
compiling delay.c...
compiling uart.c...
linking...
*** WARNING L16: UNCALLED SEGMENT, IGNORED FOR OVERLAY PROCESS
    SEGMENT: ?PR?UARTINIT?UART
*** WARNING L16: UNCALLED SEGMENT, IGNORED FOR OVERLAY PROCESS
    SEGMENT: ?PR?_SENDSTRING?UART
Program Size: data=12.0 xdata=0 code=185
creating hex file from ".\list\IO-LED"...
".\list\IO-LED" - 0 Error(s), 2 Warning(s).
Build target 'Target 1'
compiling main.c...
MAIN.C(51): warning C206: 'SendString': missing function-prototype
MAIN.C(51): error C267: 'SendString': requires ANSI-style prototype
compiling delay.c...
compiling uart.c...
Target not created
Build target 'Target 1'
compiling main.c...
MAIN.C(51): warning C206: 'SendString': missing function-prototype
MAIN.C(51): error C267: 'SendString': requires ANSI-style prototype
compiling delay.c...
compiling uart.c...
Target not created
Build target 'Target 1'
compiling main.c...
compiling delay.c...
compiling uart.c...
linking...
Program Size: data=12.0 xdata=0 code=250
creating hex file from ".\list\IO-LED"...
".\list\IO-LED" - 0 Error(s), 0 Warning(s).
Build target 'Target 1'
compiling main.c...
compiling delay.c...
compiling uart.c...
linking...
Program Size: data=12.0 xdata=0 code=250
creating hex file from ".\list\IO-LED"...
".\list\IO-LED" - 0 Error(s), 0 Warning(s).
Build target 'Target 1'
compiling main.c...
compiling delay.c...
compiling uart.c...
linking...
Program Size: data=12.0 xdata=0 code=250
creating hex file from ".\list\main"...
".\list\main" - 0 Error(s), 0 Warning(s).
Build target 'Target 1'
compiling main.c...
compiling delay.c...
compiling uart.c...
linking...
Program Size: data=12.0 xdata=0 code=254
creating hex file from ".\list\main"...
".\list\main" - 0 Error(s), 0 Warning(s).
